Build started 2014-05-14 11:12:12.
     1>Project "D:\a_IT\metody_programowania\Bryzik_Mateusz_Program_01\Bryzik_Mateusz_Program_01\Bryzik_Mateusz_Program_01.vcxproj" on node 2 (build target(s)).
     1>InitializeBuildStatus:
         Creating "Debug\Bryzik_Mateusz_Program_01.unsuccessfulbuild" because "AlwaysCreate" was specified.
       ClCompile:
         d:\Programy\Microsoft Visual Studio\VC\bin\CL.exe /c /ZI /nologo /W3 /WX- /Od /Oy- /D WIN32 /D _DEBUG /D _CONSOLE /D _UNICODE /D UNICODE /Gm /EHsc /RTC1 /MDd /GS /fp:precise /Zc:wchar_t /Zc:forScope /Fo"Debug\\" /Fd"Debug\vc100.pdb" /Gd /TP /analyze- /errorReport:prompt Bryzik_Mateusz_Program_01.cpp
         Bryzik_Mateusz_Program_01.cpp
       ManifestResourceCompile:
         All outputs are up-to-date.
       Link:
         d:\Programy\Microsoft Visual Studio\VC\bin\link.exe /ERRORREPORT:PROMPT /OUT:"D:\a_IT\metody_programowania\Bryzik_Mateusz_Program_01\Debug\Bryzik_Mateusz_Program_01.exe" /INCREMENTAL /NOLOGO kernel32.lib user32.lib gdi32.lib winspool.lib comdlg32.lib advapi32.lib shell32.lib ole32.lib oleaut32.lib uuid.lib odbc32.lib odbccp32.lib /MANIFEST /ManifestFile:"Debug\Bryzik_Mateusz_Program_01.exe.intermediate.manifest" /MANIFESTUAC:"level='asInvoker' uiAccess='false'" /DEBUG /PDB:"D:\a_IT\metody_programowania\Bryzik_Mateusz_Program_01\Debug\Bryzik_Mateusz_Program_01.pdb" /SUBSYSTEM:CONSOLE /TLBID:1 /DYNAMICBASE /NXCOMPAT /IMPLIB:"D:\a_IT\metody_programowania\Bryzik_Mateusz_Program_01\Debug\Bryzik_Mateusz_Program_01.lib" /MACHINE:X86 Debug\Bryzik_Mateusz_Program_01.exe.embed.manifest.res
         Debug\Bryzik_Mateusz_Program_01.obj
       Manifest:
         c:\Program Files (x86)\Microsoft SDKs\Windows\v7.0A\bin\mt.exe /nologo /verbose /out:"Debug\Bryzik_Mateusz_Program_01.exe.embed.manifest" /manifest Debug\Bryzik_Mateusz_Program_01.exe.intermediate.manifest
         All outputs are up-to-date.
       LinkEmbedManifest:
         All outputs are up-to-date.
         Bryzik_Mateusz_Program_01.vcxproj -> D:\a_IT\metody_programowania\Bryzik_Mateusz_Program_01\Debug\Bryzik_Mateusz_Program_01.exe
       FinalizeBuildStatus:
         Deleting file "Debug\Bryzik_Mateusz_Program_01.unsuccessfulbuild".
         Touching "Debug\Bryzik_Mateusz_Program_01.lastbuildstate".
     1>Done Building Project "D:\a_IT\metody_programowania\Bryzik_Mateusz_Program_01\Bryzik_Mateusz_Program_01\Bryzik_Mateusz_Program_01.vcxproj" (build target(s)).

Build succeeded.

Time Elapsed 00:00:01.65
